<?xml version="1.0" encoding="UTF-8"?>
<testsuite xmlns:xsi="http://www.w3.org/2001/XMLSchema-instance" xsi:noNamespaceSchemaLocation="https://maven.apache.org/surefire/maven-surefire-plugin/xsd/surefire-test-report.xsd" name="DoubleLinkedListTest" time="0.883" tests="38" errors="0" skipped="0" failures="0">
  <properties>
[...]
</properties>
  <testcase name="testAddingOneBySize" classname="DoubleLinkedListTest" time="0.008"/>
  <testcase name="testAddingThreeByToString" classname="DoubleLinkedListTest" time="0.001"/>
  <testcase name="testGetError" classname="DoubleLinkedListTest" time="0.001"/>
  <testcase name="testNewLinkedListByToString" classname="DoubleLinkedListTest" time="0"/>
  <testcase name="testGet" classname="DoubleLinkedListTest" time="0.001"/>
  <testcase name="testSet" classname="DoubleLinkedListTest" time="0"/>
  <testcase name="testIteratorRemove" classname="DoubleLinkedListTest" time="0.007"/>
  <testcase name="testInsertingByToString" classname="DoubleLinkedListTest" time="0.001"/>
  <testcase name="testClear" classname="DoubleLinkedListTest" time="0.001"/>
  <testcase name="testLastIndexOf" classname="DoubleLinkedListTest" time="0.001"/>
  <testcase name="testIteratorNextIndex" classname="DoubleLinkedListTest" time="0"/>
  <testcase name="testRemoveByIndex" classname="DoubleLinkedListTest" time="0.001"/>
  <testcase name="testRemoveByValue" classname="DoubleLinkedListTest" time="0.004"/>
  <testcase name="testIteratorRemoveError" classname="DoubleLinkedListTest" time="0.004"/>
  <testcase name="testIndexOfRepeats" classname="DoubleLinkedListTest" time="0.001"/>
  <testcase name="testIteratorHasNext" classname="DoubleLinkedListTest" time="0.004"/>
  <testcase name="testAddingThreeBySize" classname="DoubleLinkedListTest" time="0"/>
  <testcase name="testRemoveErrors" classname="DoubleLinkedListTest" time="0"/>
  <testcase name="testIteratorSetError" classname="DoubleLinkedListTest" time="0.001"/>
  <testcase name="testContains" classname="DoubleLinkedListTest" time="0.001"/>
  <testcase name="testAddingOneByToString" classname="DoubleLinkedListTest" time="0.001"/>
  <testcase name="testIteratorNextErrors" classname="DoubleLinkedListTest" time="0.004"/>
  <testcase name="testIteratorConstructorsErrors" classname="DoubleLinkedListTest" time="0"/>
  <testcase name="testIteratorAdd" classname="DoubleLinkedListTest" time="0"/>
  <testcase name="testIteratorSet" classname="DoubleLinkedListTest" time="0.004"/>
  <testcase name="testNewLinkedListBySize" classname="DoubleLinkedListTest" time="0"/>
  <testcase name="testIteratorConstructors" classname="DoubleLinkedListTest" time="0"/>
  <testcase name="testIteratorPreviousIndex" classname="DoubleLinkedListTest" time="0.041"/>
  <testcase name="testIteratorHasPrevious" classname="DoubleLinkedListTest" time="0.001"/>
  <testcase name="testEquals" classname="DoubleLinkedListTest" time="0"/>
  <testcase name="testLastIndexOfRepeats1" classname="DoubleLinkedListTest" time="0.001"/>
  <testcase name="testLastIndexOfRepeats2" classname="DoubleLinkedListTest" time="0.003"/>
  <testcase name="testIndexOf" classname="DoubleLinkedListTest" time="0"/>
  <testcase name="testIteratorNext" classname="DoubleLinkedListTest" time="0"/>
  <testcase name="testIteratorPrevious" classname="DoubleLinkedListTest" time="0"/>
  <testcase name="testIteratorPreviousErrors" classname="DoubleLinkedListTest" time="0"/>
  <testcase name="testErrorsIndexOfLastIndexOf" classname="DoubleLinkedListTest" time="0"/>
  <testcase name="testSetError" classname="DoubleLinkedListTest" time="0"/>
</testsuite>